<?xml version="1.0" encoding="UTF-8"?>
<testng-results skipped="0" failed="0" total="2" passed="2">
  <reporter-output>
  </reporter-output>
  <suite name="TmpSuite" duration-ms="85" started-at="2016-08-18T07:42:49Z" finished-at="2016-08-18T07:42:49Z">
    <groups>
    </groups>
    <test name="TmpTest" duration-ms="85" started-at="2016-08-18T07:42:49Z" finished-at="2016-08-18T07:42:49Z">
      <class name="yinpiao.InterfaceLogin.InterfaceLogin">
        <test-method status="PASS" signature="api_test(java.lang.String, java.lang.String, java.lang.String, java.lang.String, java.lang.String, java.lang.String, java.lang.String, java.lang.String, java.lang.String, java.lang.String, java.lang.String, java.lang.String, java.lang.String, java.lang.String, java.lang.String, java.lang.String, java.lang.String, java.lang.String)[pri:0, instance:yinpiao.InterfaceLogin.InterfaceLogin@30ab95aa]" name="api_test" duration-ms="4" started-at="2016-08-18T15:42:49Z" description="api_Test" data-provider="WorkBookData" finished-at="2016-08-18T15:42:49Z">
          <params>
            <param index="0">
              <value>
                <![CDATA[1]]>
              </value>
            </param>
            <param index="1">
              <value>
                <![CDATA[2]]>
              </value>
            </param>
            <param index="2">
              <value>
                <![CDATA[3]]>
              </value>
            </param>
            <param index="3">
              <value>
                <![CDATA[4]]>
              </value>
            </param>
            <param index="4">
              <value>
                <![CDATA[5]]>
              </value>
            </param>
            <param index="5">
              <value>
                <![CDATA[6]]>
              </value>
            </param>
            <param index="6">
              <value>
                <![CDATA[7]]>
              </value>
            </param>
            <param index="7">
              <value>
                <![CDATA[8]]>
              </value>
            </param>
            <param index="8">
              <value>
                <![CDATA[9]]>
              </value>
            </param>
            <param index="9">
              <value>
                <![CDATA[10]]>
              </value>
            </param>
            <param index="10">
              <value>
                <![CDATA[11]]>
              </value>
            </param>
            <param index="11">
              <value>
                <![CDATA[12]]>
              </value>
            </param>
            <param index="12">
              <value>
                <![CDATA[13]]>
              </value>
            </param>
            <param index="13">
              <value>
                <![CDATA[14]]>
              </value>
            </param>
            <param index="14">
              <value>
                <![CDATA[15]]>
              </value>
            </param>
            <param index="15">
              <value>
                <![CDATA[16]]>
              </value>
            </param>
            <param index="16">
              <value>
                <![CDATA[17]]>
              </value>
            </param>
            <param index="17">
              <value>
                <![CDATA[18]]>
              </value>
            </param>
          </params>
          <reporter-output>
          </reporter-output>
        </test-method> <!-- api_test -->
        <test-method status="PASS" signature="api_test(java.lang.String, java.lang.String, java.lang.String, java.lang.String, java.lang.String, java.lang.String, java.lang.String, java.lang.String, java.lang.String, java.lang.String, java.lang.String, java.lang.String, java.lang.String, java.lang.String, java.lang.String, java.lang.String, java.lang.String, java.lang.String)[pri:0, instance:yinpiao.InterfaceLogin.InterfaceLogin@30ab95aa]" name="api_test" duration-ms="0" started-at="2016-08-18T15:42:49Z" description="api_Test" data-provider="WorkBookData" finished-at="2016-08-18T15:42:49Z">
          <params>
            <param index="0">
              <value>
                <![CDATA[1]]>
              </value>
            </param>
            <param index="1">
              <value>
                <![CDATA[2]]>
              </value>
            </param>
            <param index="2">
              <value>
                <![CDATA[3]]>
              </value>
            </param>
            <param index="3">
              <value>
                <![CDATA[4]]>
              </value>
            </param>
            <param index="4">
              <value>
                <![CDATA[5]]>
              </value>
            </param>
            <param index="5">
              <value>
                <![CDATA[6]]>
              </value>
            </param>
            <param index="6">
              <value>
                <![CDATA[7]]>
              </value>
            </param>
            <param index="7">
              <value>
                <![CDATA[8]]>
              </value>
            </param>
            <param index="8">
              <value>
                <![CDATA[9]]>
              </value>
            </param>
            <param index="9">
              <value>
                <![CDATA[10]]>
              </value>
            </param>
            <param index="10">
              <value>
                <![CDATA[11]]>
              </value>
            </param>
            <param index="11">
              <value>
                <![CDATA[12]]>
              </value>
            </param>
            <param index="12">
              <value>
                <![CDATA[13]]>
              </value>
            </param>
            <param index="13">
              <value>
                <![CDATA[14]]>
              </value>
            </param>
            <param index="14">
              <value>
                <![CDATA[15]]>
              </value>
            </param>
            <param index="15">
              <value>
                <![CDATA[16]]>
              </value>
            </param>
            <param index="16">
              <value>
                <![CDATA[17]]>
              </value>
            </param>
            <param index="17">
              <value>
                <![CDATA[18]]>
              </value>
            </param>
          </params>
          <reporter-output>
          </reporter-output>
        </test-method> <!-- api_test -->
        <test-method status="PASS" signature="teardown()[pri:0, instance:yinpiao.InterfaceLogin.InterfaceLogin@30ab95aa]" name="teardown" is-config="true" duration-ms="0" started-at="2016-08-18T15:42:49Z" finished-at="2016-08-18T15:42:49Z">
          <reporter-output>
          </reporter-output>
        </test-method> <!-- teardown -->
      </class> <!-- yinpiao.InterfaceLogin.InterfaceLogin -->
    </test> <!-- TmpTest -->
  </suite> <!-- TmpSuite -->
</testng-results>
